Copyright 1986-2020 Xilinx, Inc. All Rights Reserved.
------------------------------------------------------------------------------------------
| Tool Version : Vivado v.2020.1 (win64) Build 2902540 Wed May 27 19:54:49 MDT 2020
| Date         : Fri Apr 16 13:45:56 2021
| Host         : DESKTOP-S43D2TC running 64-bit major release  (build 9200)
| Command      : report_control_sets -verbose -file VGAController_control_sets_placed.rpt
| Design       : VGAController
| Device       : xc7a100t
------------------------------------------------------------------------------------------

Control Set Information

Table of Contents
-----------------
1. Summary
2. Histogram
3. Flip-Flop Distribution
4. Detailed Control Set Information

1. Summary
----------

+----------------------------------------------------------+-------+
|                          Status                          | Count |
+----------------------------------------------------------+-------+
| Total control sets                                       |     9 |
|    Minimum number of control sets                        |     9 |
|    Addition due to synthesis replication                 |     0 |
|    Addition due to physical synthesis replication        |     0 |
| Unused register locations in slices containing registers |    52 |
+----------------------------------------------------------+-------+
* Control sets can be merged at opt_design using control_set_merge or merge_equivalent_drivers
** Run report_qor_suggestions for automated merging and remapping suggestions


2. Histogram
------------

+--------------------+-------+
|       Fanout       | Count |
+--------------------+-------+
| Total control sets |     9 |
| >= 0 to < 4        |     1 |
| >= 4 to < 6        |     2 |
| >= 6 to < 8        |     0 |
| >= 8 to < 10       |     3 |
| >= 10 to < 12      |     3 |
| >= 12 to < 14      |     0 |
| >= 14 to < 16      |     0 |
| >= 16              |     0 |
+--------------------+-------+
* Control sets can be remapped at either synth_design or opt_design


3. Flip-Flop Distribution
-------------------------

+--------------+-----------------------+------------------------+-----------------+--------------+
| Clock Enable | Synchronous Set/Reset | Asynchronous Set/Reset | Total Registers | Total Slices |
+--------------+-----------------------+------------------------+-----------------+--------------+
| No           | No                    | No                     |              11 |            7 |
| No           | No                    | Yes                    |              10 |            4 |
| No           | Yes                   | No                     |               0 |            0 |
| Yes          | No                    | No                     |              18 |            6 |
| Yes          | No                    | Yes                    |              10 |            6 |
| Yes          | Yes                   | No                     |              19 |            9 |
+--------------+-----------------------+------------------------+-----------------+--------------+


4. Detailed Control Set Information
-----------------------------------

+-----------------+--------------------+--------------------+------------------+----------------+--------------+
|   Clock Signal  |    Enable Signal   |  Set/Reset Signal  | Slice Load Count | Bel Load Count | Bels / Slice |
+-----------------+--------------------+--------------------+------------------+----------------+--------------+
|  screenEnd_BUFG |                    |                    |                1 |              1 |         1.00 |
|  screenEnd_BUFG | p1_xRef[9]_i_2_n_0 | p1_xRef0           |                3 |              5 |         1.67 |
|  screenEnd_BUFG | p1_xRef[8]_i_2_n_0 | p1_xRef[8]_i_1_n_0 |                3 |              5 |         1.67 |
|  screenEnd_BUFG | p1_yRef            |                    |                3 |              9 |         3.00 |
|  screenEnd_BUFG | p2_yRef            |                    |                3 |              9 |         3.00 |
|  screenEnd_BUFG | p2_xRef[9]_i_2_n_0 | p_1_in0            |                3 |              9 |         3.00 |
|  clk25          |                    | reset_IBUF         |                4 |             10 |         2.50 |
|  clk25          | Display/vPos       | reset_IBUF         |                6 |             10 |         1.67 |
|  clk_IBUF_BUFG  |                    |                    |                6 |             10 |         1.67 |
+-----------------+--------------------+--------------------+------------------+----------------+--------------+


